C:\Program Files (x86)\Microsoft Visual Studio\2019\Community\MSBuild\Microsoft\VC\v160\Microsoft.CppBuild.targets(459,5): warning MSB8028: The intermediate directory (Debug\) contains files shared from another project (05-ScenceManager.vcxproj).  This can lead to incorrect clean and rebuild behavior.
  Animations.cpp
  Brick.cpp
  Koopas.cpp
  Portal.cpp
C:\Users\LenovoT470Ab\Downloads\SuperMarioBros3\SuperMarioBros3\Portal.cpp(9,16): warning C4244: '=': conversion from 'float' to 'int', possible loss of data
C:\Users\LenovoT470Ab\Downloads\SuperMarioBros3\SuperMarioBros3\Portal.cpp(10,17): warning C4244: '=': conversion from 'float' to 'int', possible loss of data
  Utils.cpp
  Game.cpp
  GameObject.cpp
  Goomba.cpp
  main.cpp
  Mario.cpp
  PlayScence.cpp
C:\Users\LenovoT470Ab\Downloads\SuperMarioBros3\SuperMarioBros3\PlayScence.cpp(89,20): warning C4018: '<': signed/unsigned mismatch
C:\Users\LenovoT470Ab\Downloads\SuperMarioBros3\SuperMarioBros3\PlayScence.cpp(111,20): warning C4018: '<': signed/unsigned mismatch
C:\Users\LenovoT470Ab\Downloads\SuperMarioBros3\SuperMarioBros3\PlayScence.cpp(134,10): warning C4244: 'initializing': conversion from 'double' to 'float', possible loss of data
C:\Users\LenovoT470Ab\Downloads\SuperMarioBros3\SuperMarioBros3\PlayScence.cpp(135,10): warning C4244: 'initializing': conversion from 'double' to 'float', possible loss of data
C:\Users\LenovoT470Ab\Downloads\SuperMarioBros3\SuperMarioBros3\PlayScence.cpp(161,12): warning C4244: 'initializing': conversion from 'double' to 'float', possible loss of data
C:\Users\LenovoT470Ab\Downloads\SuperMarioBros3\SuperMarioBros3\PlayScence.cpp(162,12): warning C4244: 'initializing': conversion from 'double' to 'float', possible loss of data
C:\Users\LenovoT470Ab\Downloads\SuperMarioBros3\SuperMarioBros3\PlayScence.cpp(261,20): warning C4018: '<': signed/unsigned mismatch
C:\Users\LenovoT470Ab\Downloads\SuperMarioBros3\SuperMarioBros3\PlayScence.cpp(270,20): warning C4018: '<': signed/unsigned mismatch
  Scence.cpp
  Sprites.cpp
  Textures.cpp
  Generating Code...
  SuperMarioBros3.vcxproj -> C:\Users\LenovoT470Ab\Downloads\SuperMarioBros3\Debug\SuperMarioBros3.exe
